  Building Custom Rule E:/LearnOpenGL/CMakeLists.txt
  CMake does not need to re-run because E:/LearnOpenGL/OpenGlPro/CMakeFiles/generate.stamp is up-to-date.
cl : 命令行 warning D9002: 忽略未知选项“/EH;”
cl : 命令行 warning D9002: 忽略未知选项“/EH-”
cl : 命令行 warning D9002: 忽略未知选项“/EHt”
cl : 命令行 warning D9002: 忽略未知选项“/EHd”
cl : 命令行 warning D9002: 忽略未知选项“/EH=”
cl : 命令行 warning D9002: 忽略未知选项“/EH+”
cl : 命令行 warning D9002: 忽略未知选项“/EH+”
cl : 命令行 warning D9002: 忽略未知选项“/EH1”
cl : 命令行 warning D9002: 忽略未知选项“/EH1”
  normal_mapping.cpp
e:\learnopengl\includes\learnopengl\filesystem.h(23): warning C4996: 'getenv': This function or variable may be unsafe. Consider using _dupenv_s instead. To disable deprecation, use _CRT_SECURE_NO_WARNINGS. See online help for details.
  c:\program files (x86)\windows kits\10\include\10.0.16299.0\ucrt\stdlib.h(1199): note: 参见“getenv”的声明
e:\learnopengl\includes\learnopengl\shader.h(65): warning C4101: “infoLog”: 未引用的局部变量
e:\learnopengl\includes\learnopengl\shader.h(64): warning C4101: “success”: 未引用的局部变量
e:\learnopengl\src\5.advanced_lighting\4.normal_mapping\normal_mapping.cpp(104): warning C4244: “初始化”: 从“double”转换到“float”，可能丢失数据
e:\learnopengl\src\5.advanced_lighting\4.normal_mapping\normal_mapping.cpp(280): warning C4244: “=”: 从“double”转换到“float”，可能丢失数据
e:\learnopengl\src\5.advanced_lighting\4.normal_mapping\normal_mapping.cpp(281): warning C4244: “=”: 从“double”转换到“float”，可能丢失数据
e:\learnopengl\src\5.advanced_lighting\4.normal_mapping\normal_mapping.cpp(285): warning C4244: “初始化”: 从“double”转换到“float”，可能丢失数据
e:\learnopengl\src\5.advanced_lighting\4.normal_mapping\normal_mapping.cpp(286): warning C4244: “初始化”: 从“double”转换到“float”，可能丢失数据
e:\learnopengl\src\5.advanced_lighting\4.normal_mapping\normal_mapping.cpp(288): warning C4244: “=”: 从“double”转换到“float”，可能丢失数据
e:\learnopengl\src\5.advanced_lighting\4.normal_mapping\normal_mapping.cpp(289): warning C4244: “=”: 从“double”转换到“float”，可能丢失数据
e:\learnopengl\src\5.advanced_lighting\4.normal_mapping\normal_mapping.cpp(298): warning C4244: “参数”: 从“double”转换到“float”，可能丢失数据
  5.advanced_lighting__4.normal_mapping.vcxproj -> E:\LearnOpenGL\bin\5.advanced_lighting\Debug\5.advanced_lighting__4.normal_mapping.exe
